-------------------------------------------------------------
samples [ 76, 12, 15, 27, 56 ]

ResultNode {
  parentNode: null,
  value: 76,
  depth: 0,
  operator: null,
  expression: '76',
  total: 76,
  remainder: 76,
  remainderDash: 25,
  childNodes:
   [ ResultNode {
       parentNode: [Circular],
       value: 12,
       depth: 1,
       operator: '+',
       expression: '76 + 12',
       total: 88,
       remainder: 88,
       remainderDash: 13,
       childNodes:
        [ ResultNode {
            parentNode: [Circular],
            value: 15,
            depth: 2,
            operator: '+',
            expression: '76 + 12 + 15',
            total: 103,
            remainder: 2,
            remainderDash: 99,
            childNodes:
             [ ResultNode {
                 parentNode: [Circular],
                 value: 27,
                 depth: 3,
                 operator: '+',
                 expression: '76 + 12 + 15 + 27',
                 total: 130,
                 remainder: 29,
                 remainderDash: 72,
                 childNodes:
                  [ ResultNode {
                      parentNode: [Circular],
                      value: 56,
                      depth: 4,
                      operator: '+',
                      expression: '76 + 12 + 15 + 27 + 56',
                      total: 186,
                      remainder: 85,
                      remainderDash: 16,
                      childNodes: [] },
                    ResultNode {
                      parentNode: [Circular],
                      value: 56,
                      depth: 4,
                      operator: '-',
                      expression: '76 + 12 + 15 + 27 - 56',
                      total: 74,
                      remainder: 74,
                      remainderDash: 27,
                      childNodes: [] },
                    ResultNode {
                      parentNode: [Circular],
                      value: 56,
                      depth: 4,
                      operator: '*',
                      expression: '76 + 12 + 15 + 27 * 56',
                      total: 7280,
                      remainder: 8,
                      remainderDash: 93,
                      childNodes: [] } ] },
               ResultNode {
                 parentNode: [Circular],
                 value: 27,
                 depth: 3,
                 operator: '-',
                 expression: '76 + 12 + 15 - 27',
                 total: 76,
                 remainder: 76,
                 remainderDash: 25,
                 childNodes:
                  [ ResultNode {
                      parentNode: [Circular],
                      value: 56,
                      depth: 4,
                      operator: '+',
                      expression: '76 + 12 + 15 - 27 + 56',
                      total: 132,
                      remainder: 31,
                      remainderDash: 70,
                      childNodes: [] },
                    ResultNode {
                      parentNode: [Circular],
                      value: 56,
                      depth: 4,
                      operator: '-',
                      expression: '76 + 12 + 15 - 27 - 56',
                      total: 20,
                      remainder: 20,
                      remainderDash: 81,
                      childNodes: [] },
                    ResultNode {
                      parentNode: [Circular],
                      value: 56,
                      depth: 4,
                      operator: '*',
                      expression: '76 + 12 + 15 - 27 * 56',
                      total: 4256,
                      remainder: 14,
                      remainderDash: 87,
                      childNodes: [] } ] },
               ResultNode {
                 parentNode: [Circular],
                 value: 27,
                 depth: 3,
                 operator: '*',
                 expression: '76 + 12 + 15 * 27',
                 total: 2781,
                 remainder: 54,
                 remainderDash: 47,
                 childNodes:
                  [ ResultNode {
                      parentNode: [Circular],
                      value: 56,
                      depth: 4,
                      operator: '+',
                      expression: '76 + 12 + 15 * 27 + 56',
                      total: 2837,
                      remainder: 9,
                      remainderDash: 92,
                      childNodes: [] },
                    ResultNode {
                      parentNode: [Circular],
                      value: 56,
                      depth: 4,
                      operator: '-',
                      expression: '76 + 12 + 15 * 27 - 56',
                      total: 2725,
                      remainder: 99,
                      remainderDash: 2,
                      childNodes: [] },
                    ResultNode {
                      parentNode: [Circular],
                      value: 56,
                      depth: 4,
                      operator: '*',
                      expression: '76 + 12 + 15 * 27 * 56',
                      total: 155736,
                      remainder: 95,
                      remainderDash: 6,
                      childNodes: [] } ] } ] },
          ResultNode {
            parentNode: [Circular],
            value: 15,
            depth: 2,
            operator: '-',
            expression: '76 + 12 - 15',
            total: 73,
            remainder: 73,
            remainderDash: 28,
            childNodes:
             [ ResultNode {
                 parentNode: [Circular],
                 value: 27,
                 depth: 3,
                 operator: '+',
                 expression: '76 + 12 - 15 + 27',
                 total: 100,
                 remainder: 100,
                 remainderDash: 1,
                 childNodes:
                  [ ResultNode {
                      parentNode: [Circular],
                      value: 56,
                      depth: 4,
                      operator: '+',
                      expression: '76 + 12 - 15 + 27 + 56',
                      total: 156,
                      remainder: 55,
                      remainderDash: 46,
                      childNodes: [] },
                    ResultNode {
                      parentNode: [Circular],
                      value: 56,
                      depth: 4,
                      operator: '-',
                      expression: '76 + 12 - 15 + 27 - 56',
                      total: 44,
                      remainder: 44,
                      remainderDash: 57,
                      childNodes: [] },
                    ResultNode {
                      parentNode: [Circular],
                      value: 56,
                      depth: 4,
                      operator: '*',
                      expression: '76 + 12 - 15 + 27 * 56',
                      total: 5600,
                      remainder: 45,
                      remainderDash: 56,
                      childNodes: [] } ] },
               ResultNode {
                 parentNode: [Circular],
                 value: 27,
                 depth: 3,
                 operator: '-',
                 expression: '76 + 12 - 15 - 27',
                 total: 46,
                 remainder: 46,
                 remainderDash: 55,
                 childNodes:
                  [ ResultNode {
                      parentNode: [Circular],
                      value: 56,
                      depth: 4,
                      operator: '+',
                      expression: '76 + 12 - 15 - 27 + 56',
                      total: 102,
                      remainder: 1,
                      remainderDash: 100,
                      childNodes: [] },
                    ResultNode {
                      parentNode: [Circular],
                      value: 56,
                      depth: 4,
                      operator: '-',
                      expression: '76 + 12 - 15 - 27 - 56',
                      total: -10,
                      remainder: -10,
                      remainderDash: 111,
                      childNodes: [] },
                    ResultNode {
                      parentNode: [Circular],
                      value: 56,
                      depth: 4,
                      operator: '*',
                      expression: '76 + 12 - 15 - 27 * 56',
                      total: 2576,
                      remainder: 51,
                      remainderDash: 50,
                      childNodes: [] } ] },
               ResultNode {
                 parentNode: [Circular],
                 value: 27,
                 depth: 3,
                 operator: '*',
                 expression: '76 + 12 - 15 * 27',
                 total: 1971,
                 remainder: 52,
                 remainderDash: 49,
                 childNodes:
                  [ ResultNode {
                      parentNode: [Circular],
                      value: 56,
                      depth: 4,
                      operator: '+',
                      expression: '76 + 12 - 15 * 27 + 56',
                      total: 2027,
                      remainder: 7,
                      remainderDash: 94,
                      childNodes: [] },
                    ResultNode {
                      parentNode: [Circular],
                      value: 56,
                      depth: 4,
                      operator: '-',
                      expression: '76 + 12 - 15 * 27 - 56',
                      total: 1915,
                      remainder: 97,
                      remainderDash: 4,
                      childNodes: [] },
                    ResultNode {
                      parentNode: [Circular],
                      value: 56,
                      depth: 4,
                      operator: '*',
                      expression: '76 + 12 - 15 * 27 * 56',
                      total: 110376,
                      remainder: 84,
                      remainderDash: 17,
                      childNodes: [] } ] } ] },
          ResultNode {
            parentNode: [Circular],
            value: 15,
            depth: 2,
            operator: '*',
            expression: '76 + 12 * 15',
            total: 1320,
            remainder: 7,
            remainderDash: 94,
            childNodes:
             [ ResultNode {
                 parentNode: [Circular],
                 value: 27,
                 depth: 3,
                 operator: '+',
                 expression: '76 + 12 * 15 + 27',
                 total: 1347,
                 remainder: 34,
                 remainderDash: 67,
                 childNodes:
                  [ ResultNode {
                      parentNode: [Circular],
                      value: 56,
                      depth: 4,
                      operator: '+',
                      expression: '76 + 12 * 15 + 27 + 56',
                      total: 1403,
                      remainder: 90,
                      remainderDash: 11,
                      childNodes: [] },
                    ResultNode {
                      parentNode: [Circular],
                      value: 56,
                      depth: 4,
                      operator: '-',
                      expression: '76 + 12 * 15 + 27 - 56',
                      total: 1291,
                      remainder: 79,
                      remainderDash: 22,
                      childNodes: [] },
                    ResultNode {
                      parentNode: [Circular],
                      value: 56,
                      depth: 4,
                      operator: '*',
                      expression: '76 + 12 * 15 + 27 * 56',
                      total: 75432,
                      remainder: 86,
                      remainderDash: 15,
                      childNodes: [] } ] },
               ResultNode {
                 parentNode: [Circular],
                 value: 27,
                 depth: 3,
                 operator: '-',
                 expression: '76 + 12 * 15 - 27',
                 total: 1293,
                 remainder: 81,
                 remainderDash: 20,
                 childNodes:
                  [ ResultNode {
                      parentNode: [Circular],
                      value: 56,
                      depth: 4,
                      operator: '+',
                      expression: '76 + 12 * 15 - 27 + 56',
                      total: 1349,
                      remainder: 36,
                      remainderDash: 65,
                      childNodes: [] },
                    ResultNode {
                      parentNode: [Circular],
                      value: 56,
                      depth: 4,
                      operator: '-',
                      expression: '76 + 12 * 15 - 27 - 56',
                      total: 1237,
                      remainder: 25,
                      remainderDash: 76,
                      childNodes: [] },
                    ResultNode {
                      parentNode: [Circular],
                      value: 56,
                      depth: 4,
                      operator: '*',
                      expression: '76 + 12 * 15 - 27 * 56',
                      total: 72408,
                      remainder: 92,
                      remainderDash: 9,
                      childNodes: [] } ] },
               ResultNode {
                 parentNode: [Circular],
                 value: 27,
                 depth: 3,
                 operator: '*',
                 expression: '76 + 12 * 15 * 27',
                 total: 35640,
                 remainder: 88,
                 remainderDash: 13,
                 childNodes:
                  [ ResultNode {
                      parentNode: [Circular],
                      value: 56,
                      depth: 4,
                      operator: '+',
                      expression: '76 + 12 * 15 * 27 + 56',
                      total: 35696,
                      remainder: 43,
                      remainderDash: 58,
                      childNodes: [] },
                    ResultNode {
                      parentNode: [Circular],
                      value: 56,
                      depth: 4,
                      operator: '-',
                      expression: '76 + 12 * 15 * 27 - 56',
                      total: 35584,
                      remainder: 32,
                      remainderDash: 69,
                      childNodes: [] },
                    ResultNode {
                      parentNode: [Circular],
                      value: 56,
                      depth: 4,
                      operator: '*',
                      expression: '76 + 12 * 15 * 27 * 56',
                      total: 1995840,
                      remainder: 80,
                      remainderDash: 21,
                      childNodes: [] } ] } ] } ] },
     ResultNode {
       parentNode: [Circular],
       value: 12,
       depth: 1,
       operator: '-',
       expression: '76 - 12',
       total: 64,
       remainder: 64,
       remainderDash: 37,
       childNodes:
        [ ResultNode {
            parentNode: [Circular],
            value: 15,
            depth: 2,
            operator: '+',
            expression: '76 - 12 + 15',
            total: 79,
            remainder: 79,
            remainderDash: 22,
            childNodes:
             [ ResultNode {
                 parentNode: [Circular],
                 value: 27,
                 depth: 3,
                 operator: '+',
                 expression: '76 - 12 + 15 + 27',
                 total: 106,
                 remainder: 5,
                 remainderDash: 96,
                 childNodes:
                  [ ResultNode {
                      parentNode: [Circular],
                      value: 56,
                      depth: 4,
                      operator: '+',
                      expression: '76 - 12 + 15 + 27 + 56',
                      total: 162,
                      remainder: 61,
                      remainderDash: 40,
                      childNodes: [] },
                    ResultNode {
                      parentNode: [Circular],
                      value: 56,
                      depth: 4,
                      operator: '-',
                      expression: '76 - 12 + 15 + 27 - 56',
                      total: 50,
                      remainder: 50,
                      remainderDash: 51,
                      childNodes: [] },
                    ResultNode {
                      parentNode: [Circular],
                      value: 56,
                      depth: 4,
                      operator: '*',
                      expression: '76 - 12 + 15 + 27 * 56',
                      total: 5936,
                      remainder: 78,
                      remainderDash: 23,
                      childNodes: [] } ] },
               ResultNode {
                 parentNode: [Circular],
                 value: 27,
                 depth: 3,
                 operator: '-',
                 expression: '76 - 12 + 15 - 27',
                 total: 52,
                 remainder: 52,
                 remainderDash: 49,
                 childNodes:
                  [ ResultNode {
                      parentNode: [Circular],
                      value: 56,
                      depth: 4,
                      operator: '+',
                      expression: '76 - 12 + 15 - 27 + 56',
                      total: 108,
                      remainder: 7,
                      remainderDash: 94,
                      childNodes: [] },
                    ResultNode {
                      parentNode: [Circular],
                      value: 56,
                      depth: 4,
                      operator: '-',
                      expression: '76 - 12 + 15 - 27 - 56',
                      total: -4,
                      remainder: -4,
                      remainderDash: 105,
                      childNodes: [] },
                    ResultNode {
                      parentNode: [Circular],
                      value: 56,
                      depth: 4,
                      operator: '*',
                      expression: '76 - 12 + 15 - 27 * 56',
                      total: 2912,
                      remainder: 84,
                      remainderDash: 17,
                      childNodes: [] } ] },
               ResultNode {
                 parentNode: [Circular],
                 value: 27,
                 depth: 3,
                 operator: '*',
                 expression: '76 - 12 + 15 * 27',
                 total: 2133,
                 remainder: 12,
                 remainderDash: 89,
                 childNodes:
                  [ ResultNode {
                      parentNode: [Circular],
                      value: 56,
                      depth: 4,
                      operator: '+',
                      expression: '76 - 12 + 15 * 27 + 56',
                      total: 2189,
                      remainder: 68,
                      remainderDash: 33,
                      childNodes: [] },
                    ResultNode {
                      parentNode: [Circular],
                      value: 56,
                      depth: 4,
                      operator: '-',
                      expression: '76 - 12 + 15 * 27 - 56',
                      total: 2077,
                      remainder: 57,
                      remainderDash: 44,
                      childNodes: [] },
                    ResultNode {
                      parentNode: [Circular],
                      value: 56,
                      depth: 4,
                      operator: '*',
                      expression: '76 - 12 + 15 * 27 * 56',
                      total: 119448,
                      remainder: 66,
                      remainderDash: 35,
                      childNodes: [] } ] } ] },
          ResultNode {
            parentNode: [Circular],
            value: 15,
            depth: 2,
            operator: '-',
            expression: '76 - 12 - 15',
            total: 49,
            remainder: 49,
            remainderDash: 52,
            childNodes:
             [ ResultNode {
                 parentNode: [Circular],
                 value: 27,
                 depth: 3,
                 operator: '+',
                 expression: '76 - 12 - 15 + 27',
                 total: 76,
                 remainder: 76,
                 remainderDash: 25,
                 childNodes:
                  [ ResultNode {
                      parentNode: [Circular],
                      value: 56,
                      depth: 4,
                      operator: '+',
                      expression: '76 - 12 - 15 + 27 + 56',
                      total: 132,
                      remainder: 31,
                      remainderDash: 70,
                      childNodes: [] },
                    ResultNode {
                      parentNode: [Circular],
                      value: 56,
                      depth: 4,
                      operator: '-',
                      expression: '76 - 12 - 15 + 27 - 56',
                      total: 20,
                      remainder: 20,
                      remainderDash: 81,
                      childNodes: [] },
                    ResultNode {
                      parentNode: [Circular],
                      value: 56,
                      depth: 4,
                      operator: '*',
                      expression: '76 - 12 - 15 + 27 * 56',
                      total: 4256,
                      remainder: 14,
                      remainderDash: 87,
                      childNodes: [] } ] },
               ResultNode {
                 parentNode: [Circular],
                 value: 27,
                 depth: 3,
                 operator: '-',
                 expression: '76 - 12 - 15 - 27',
                 total: 22,
                 remainder: 22,
                 remainderDash: 79,
                 childNodes:
                  [ ResultNode {
                      parentNode: [Circular],
                      value: 56,
                      depth: 4,
                      operator: '+',
                      expression: '76 - 12 - 15 - 27 + 56',
                      total: 78,
                      remainder: 78,
                      remainderDash: 23,
                      childNodes: [] },
                    ResultNode {
                      parentNode: [Circular],
                      value: 56,
                      depth: 4,
                      operator: '-',
                      expression: '76 - 12 - 15 - 27 - 56',
                      total: -34,
                      remainder: -34,
                      remainderDash: 135,
                      childNodes: [] },
                    ResultNode {
                      parentNode: [Circular],
                      value: 56,
                      depth: 4,
                      operator: '*',
                      expression: '76 - 12 - 15 - 27 * 56',
                      total: 1232,
                      remainder: 20,
                      remainderDash: 81,
                      childNodes: [] } ] },
               ResultNode {
                 parentNode: [Circular],
                 value: 27,
                 depth: 3,
                 operator: '*',
                 expression: '76 - 12 - 15 * 27',
                 total: 1323,
                 remainder: 10,
                 remainderDash: 91,
                 childNodes:
                  [ ResultNode {
                      parentNode: [Circular],
                      value: 56,
                      depth: 4,
                      operator: '+',
                      expression: '76 - 12 - 15 * 27 + 56',
                      total: 1379,
                      remainder: 66,
                      remainderDash: 35,
                      childNodes: [] },
                    ResultNode {
                      parentNode: [Circular],
                      value: 56,
                      depth: 4,
                      operator: '-',
                      expression: '76 - 12 - 15 * 27 - 56',
                      total: 1267,
                      remainder: 55,
                      remainderDash: 46,
                      childNodes: [] },
                    ResultNode {
                      parentNode: [Circular],
                      value: 56,
                      depth: 4,
                      operator: '*',
                      expression: '76 - 12 - 15 * 27 * 56',
                      total: 74088,
                      remainder: 55,
                      remainderDash: 46,
                      childNodes: [] } ] } ] },
          ResultNode {
            parentNode: [Circular],
            value: 15,
            depth: 2,
            operator: '*',
            expression: '76 - 12 * 15',
            total: 960,
            remainder: 51,
            remainderDash: 50,
            childNodes:
             [ ResultNode {
                 parentNode: [Circular],
                 value: 27,
                 depth: 3,
                 operator: '+',
                 expression: '76 - 12 * 15 + 27',
                 total: 987,
                 remainder: 78,
                 remainderDash: 23,
                 childNodes:
                  [ ResultNode {
                      parentNode: [Circular],
                      value: 56,
                      depth: 4,
                      operator: '+',
                      expression: '76 - 12 * 15 + 27 + 56',
                      total: 1043,
                      remainder: 33,
                      remainderDash: 68,
                      childNodes: [] },
                    ResultNode {
                      parentNode: [Circular],
                      value: 56,
                      depth: 4,
                      operator: '-',
                      expression: '76 - 12 * 15 + 27 - 56',
                      total: 931,
                      remainder: 22,
                      remainderDash: 79,
                      childNodes: [] },
                    ResultNode {
                      parentNode: [Circular],
                      value: 56,
                      depth: 4,
                      operator: '*',
                      expression: '76 - 12 * 15 + 27 * 56',
                      total: 55272,
                      remainder: 25,
                      remainderDash: 76,
                      childNodes: [] } ] },
               ResultNode {
                 parentNode: [Circular],
                 value: 27,
                 depth: 3,
                 operator: '-',
                 expression: '76 - 12 * 15 - 27',
                 total: 933,
                 remainder: 24,
                 remainderDash: 77,
                 childNodes:
                  [ ResultNode {
                      parentNode: [Circular],
                      value: 56,
                      depth: 4,
                      operator: '+',
                      expression: '76 - 12 * 15 - 27 + 56',
                      total: 989,
                      remainder: 80,
                      remainderDash: 21,
                      childNodes: [] },
                    ResultNode {
                      parentNode: [Circular],
                      value: 56,
                      depth: 4,
                      operator: '-',
                      expression: '76 - 12 * 15 - 27 - 56',
                      total: 877,
                      remainder: 69,
                      remainderDash: 32,
                      childNodes: [] },
                    ResultNode {
                      parentNode: [Circular],
                      value: 56,
                      depth: 4,
                      operator: '*',
                      expression: '76 - 12 * 15 - 27 * 56',
                      total: 52248,
                      remainder: 31,
                      remainderDash: 70,
                      childNodes: [] } ] },
               ResultNode {
                 parentNode: [Circular],
                 value: 27,
                 depth: 3,
                 operator: '*',
                 expression: '76 - 12 * 15 * 27',
                 total: 25920,
                 remainder: 64,
                 remainderDash: 37,
                 childNodes:
                  [ ResultNode {
                      parentNode: [Circular],
                      value: 56,
                      depth: 4,
                      operator: '+',
                      expression: '76 - 12 * 15 * 27 + 56',
                      total: 25976,
                      remainder: 19,
                      remainderDash: 82,
                      childNodes: [] },
                    ResultNode {
                      parentNode: [Circular],
                      value: 56,
                      depth: 4,
                      operator: '-',
                      expression: '76 - 12 * 15 * 27 - 56',
                      total: 25864,
                      remainder: 8,
                      remainderDash: 93,
                      childNodes: [] },
                    ResultNode {
                      parentNode: [Circular],
                      value: 56,
                      depth: 4,
                      operator: '*',
                      expression: '76 - 12 * 15 * 27 * 56',
                      total: 1451520,
                      remainder: 49,
                      remainderDash: 52,
                      childNodes: [] } ] } ] } ] },
     ResultNode {
       parentNode: [Circular],
       value: 12,
       depth: 1,
       operator: '*',
       expression: '76 * 12',
       total: 912,
       remainder: 3,
       remainderDash: 98,
       childNodes:
        [ ResultNode {
            parentNode: [Circular],
            value: 15,
            depth: 2,
            operator: '+',
            expression: '76 * 12 + 15',
            total: 927,
            remainder: 18,
            remainderDash: 83,
            childNodes:
             [ ResultNode {
                 parentNode: [Circular],
                 value: 27,
                 depth: 3,
                 operator: '+',
                 expression: '76 * 12 + 15 + 27',
                 total: 954,
                 remainder: 45,
                 remainderDash: 56,
                 childNodes:
                  [ ResultNode {
                      parentNode: [Circular],
                      value: 56,
                      depth: 4,
                      operator: '+',
                      expression: '76 * 12 + 15 + 27 + 56',
                      total: 1010,
                      remainder: 0,
                      remainderDash: 101,
                      childNodes: [] },
                    ResultNode {
                      parentNode: [Circular],
                      value: 56,
                      depth: 4,
                      operator: '-',
                      expression: '76 * 12 + 15 + 27 - 56',
                      total: 898,
                      remainder: 90,
                      remainderDash: 11,
                      childNodes: [] },
                    ResultNode {
                      parentNode: [Circular],
                      value: 56,
                      depth: 4,
                      operator: '*',
                      expression: '76 * 12 + 15 + 27 * 56',
                      total: 53424,
                      remainder: 96,
                      remainderDash: 5,
                      childNodes: [] } ] },
               ResultNode {
                 parentNode: [Circular],
                 value: 27,
                 depth: 3,
                 operator: '-',
                 expression: '76 * 12 + 15 - 27',
                 total: 900,
                 remainder: 92,
                 remainderDash: 9,
                 childNodes:
                  [ ResultNode {
                      parentNode: [Circular],
                      value: 56,
                      depth: 4,
                      operator: '+',
                      expression: '76 * 12 + 15 - 27 + 56',
                      total: 956,
                      remainder: 47,
                      remainderDash: 54,
                      childNodes: [] },
                    ResultNode {
                      parentNode: [Circular],
                      value: 56,
                      depth: 4,
                      operator: '-',
                      expression: '76 * 12 + 15 - 27 - 56',
                      total: 844,
                      remainder: 36,
                      remainderDash: 65,
                      childNodes: [] },
                    ResultNode {
                      parentNode: [Circular],
                      value: 56,
                      depth: 4,
                      operator: '*',
                      expression: '76 * 12 + 15 - 27 * 56',
                      total: 50400,
                      remainder: 1,
                      remainderDash: 100,
                      childNodes: [] } ] },
               ResultNode {
                 parentNode: [Circular],
                 value: 27,
                 depth: 3,
                 operator: '*',
                 expression: '76 * 12 + 15 * 27',
                 total: 25029,
                 remainder: 82,
                 remainderDash: 19,
                 childNodes:
                  [ ResultNode {
                      parentNode: [Circular],
                      value: 56,
                      depth: 4,
                      operator: '+',
                      expression: '76 * 12 + 15 * 27 + 56',
                      total: 25085,
                      remainder: 37,
                      remainderDash: 64,
                      childNodes: [] },
                    ResultNode {
                      parentNode: [Circular],
                      value: 56,
                      depth: 4,
                      operator: '-',
                      expression: '76 * 12 + 15 * 27 - 56',
                      total: 24973,
                      remainder: 26,
                      remainderDash: 75,
                      childNodes: [] },
                    ResultNode {
                      parentNode: [Circular],
                      value: 56,
                      depth: 4,
                      operator: '*',
                      expression: '76 * 12 + 15 * 27 * 56',
                      total: 1401624,
                      remainder: 47,
                      remainderDash: 54,
                      childNodes: [] } ] } ] },
          ResultNode {
            parentNode: [Circular],
            value: 15,
            depth: 2,
            operator: '-',
            expression: '76 * 12 - 15',
            total: 897,
            remainder: 89,
            remainderDash: 12,
            childNodes:
             [ ResultNode {
                 parentNode: [Circular],
                 value: 27,
                 depth: 3,
                 operator: '+',
                 expression: '76 * 12 - 15 + 27',
                 total: 924,
                 remainder: 15,
                 remainderDash: 86,
                 childNodes:
                  [ ResultNode {
                      parentNode: [Circular],
                      value: 56,
                      depth: 4,
                      operator: '+',
                      expression: '76 * 12 - 15 + 27 + 56',
                      total: 980,
                      remainder: 71,
                      remainderDash: 30,
                      childNodes: [] },
                    ResultNode {
                      parentNode: [Circular],
                      value: 56,
                      depth: 4,
                      operator: '-',
                      expression: '76 * 12 - 15 + 27 - 56',
                      total: 868,
                      remainder: 60,
                      remainderDash: 41,
                      childNodes: [] },
                    ResultNode {
                      parentNode: [Circular],
                      value: 56,
                      depth: 4,
                      operator: '*',
                      expression: '76 * 12 - 15 + 27 * 56',
                      total: 51744,
                      remainder: 32,
                      remainderDash: 69,
                      childNodes: [] } ] },
               ResultNode {
                 parentNode: [Circular],
                 value: 27,
                 depth: 3,
                 operator: '-',
                 expression: '76 * 12 - 15 - 27',
                 total: 870,
                 remainder: 62,
                 remainderDash: 39,
                 childNodes:
                  [ ResultNode {
                      parentNode: [Circular],
                      value: 56,
                      depth: 4,
                      operator: '+',
                      expression: '76 * 12 - 15 - 27 + 56',
                      total: 926,
                      remainder: 17,
                      remainderDash: 84,
                      childNodes: [] },
                    ResultNode {
                      parentNode: [Circular],
                      value: 56,
                      depth: 4,
                      operator: '-',
                      expression: '76 * 12 - 15 - 27 - 56',
                      total: 814,
                      remainder: 6,
                      remainderDash: 95,
                      childNodes: [] },
                    ResultNode {
                      parentNode: [Circular],
                      value: 56,
                      depth: 4,
                      operator: '*',
                      expression: '76 * 12 - 15 - 27 * 56',
                      total: 48720,
                      remainder: 38,
                      remainderDash: 63,
                      childNodes: [] } ] },
               ResultNode {
                 parentNode: [Circular],
                 value: 27,
                 depth: 3,
                 operator: '*',
                 expression: '76 * 12 - 15 * 27',
                 total: 24219,
                 remainder: 80,
                 remainderDash: 21,
                 childNodes:
                  [ ResultNode {
                      parentNode: [Circular],
                      value: 56,
                      depth: 4,
                      operator: '+',
                      expression: '76 * 12 - 15 * 27 + 56',
                      total: 24275,
                      remainder: 35,
                      remainderDash: 66,
                      childNodes: [] },
                    ResultNode {
                      parentNode: [Circular],
                      value: 56,
                      depth: 4,
                      operator: '-',
                      expression: '76 * 12 - 15 * 27 - 56',
                      total: 24163,
                      remainder: 24,
                      remainderDash: 77,
                      childNodes: [] },
                    ResultNode {
                      parentNode: [Circular],
                      value: 56,
                      depth: 4,
                      operator: '*',
                      expression: '76 * 12 - 15 * 27 * 56',
                      total: 1356264,
                      remainder: 36,
                      remainderDash: 65,
                      childNodes: [] } ] } ] },
          ResultNode {
            parentNode: [Circular],
            value: 15,
            depth: 2,
            operator: '*',
            expression: '76 * 12 * 15',
            total: 13680,
            remainder: 45,
            remainderDash: 56,
            childNodes:
             [ ResultNode {
                 parentNode: [Circular],
                 value: 27,
                 depth: 3,
                 operator: '+',
                 expression: '76 * 12 * 15 + 27',
                 total: 13707,
                 remainder: 72,
                 remainderDash: 29,
                 childNodes:
                  [ ResultNode {
                      parentNode: [Circular],
                      value: 56,
                      depth: 4,
                      operator: '+',
                      expression: '76 * 12 * 15 + 27 + 56',
                      total: 13763,
                      remainder: 27,
                      remainderDash: 74,
                      childNodes: [] },
                    ResultNode {
                      parentNode: [Circular],
                      value: 56,
                      depth: 4,
                      operator: '-',
                      expression: '76 * 12 * 15 + 27 - 56',
                      total: 13651,
                      remainder: 16,
                      remainderDash: 85,
                      childNodes: [] },
                    ResultNode {
                      parentNode: [Circular],
                      value: 56,
                      depth: 4,
                      operator: '*',
                      expression: '76 * 12 * 15 + 27 * 56',
                      total: 767592,
                      remainder: 93,
                      remainderDash: 8,
                      childNodes: [] } ] },
               ResultNode {
                 parentNode: [Circular],
                 value: 27,
                 depth: 3,
                 operator: '-',
                 expression: '76 * 12 * 15 - 27',
                 total: 13653,
                 remainder: 18,
                 remainderDash: 83,
                 childNodes:
                  [ ResultNode {
                      parentNode: [Circular],
                      value: 56,
                      depth: 4,
                      operator: '+',
                      expression: '76 * 12 * 15 - 27 + 56',
                      total: 13709,
                      remainder: 74,
                      remainderDash: 27,
                      childNodes: [] },
                    ResultNode {
                      parentNode: [Circular],
                      value: 56,
                      depth: 4,
                      operator: '-',
                      expression: '76 * 12 * 15 - 27 - 56',
                      total: 13597,
                      remainder: 63,
                      remainderDash: 38,
                      childNodes: [] },
                    ResultNode {
                      parentNode: [Circular],
                      value: 56,
                      depth: 4,
                      operator: '*',
                      expression: '76 * 12 * 15 - 27 * 56',
                      total: 764568,
                      remainder: 99,
                      remainderDash: 2,
                      childNodes: [] } ] },
               ResultNode {
                 parentNode: [Circular],
                 value: 27,
                 depth: 3,
                 operator: '*',
                 expression: '76 * 12 * 15 * 27',
                 total: 369360,
                 remainder: 3,
                 remainderDash: 98,
                 childNodes:
                  [ ResultNode {
                      parentNode: [Circular],
                      value: 56,
                      depth: 4,
                      operator: '+',
                      expression: '76 * 12 * 15 * 27 + 56',
                      total: 369416,
                      remainder: 59,
                      remainderDash: 42,
                      childNodes: [] },
                    ResultNode {
                      parentNode: [Circular],
                      value: 56,
                      depth: 4,
                      operator: '-',
                      expression: '76 * 12 * 15 * 27 - 56',
                      total: 369304,
                      remainder: 48,
                      remainderDash: 53,
                      childNodes: [] },
                    ResultNode {
                      parentNode: [Circular],
                      value: 56,
                      depth: 4,
                      operator: '*',
                      expression: '76 * 12 * 15 * 27 * 56',
                      total: 20684160,
                      remainder: 67,
                      remainderDash: 34,
                      childNodes: [] } ] } ] } ] } ] }
